0 info it worked if it ends with ok
1 verbose cli [ '/usr/local/bin/node',
1 verbose cli   '/home/roonie/.linuxbrew/bin/npm',
1 verbose cli   'run',
1 verbose cli   'test' ]
2 info using npm@2.7.6
3 info using node@v5.0.0
4 verbose run-script [ 'pretest', 'test', 'posttest' ]
5 info pretest braintree-js@1.0.0
6 info test braintree-js@1.0.0
7 verbose unsafe-perm in lifecycle true
8 info braintree-js@1.0.0 Failed to exec test script
9 verbose stack Error: braintree-js@1.0.0 test: `NODE_PATH=./ mocha test.js`
9 verbose stack Exit status 1
9 verbose stack     at EventEmitter.<anonymous> (/home/roonie/.linuxbrew/lib/node_modules/npm/lib/utils/lifecycle.js:213:16)
9 verbose stack     at emitTwo (events.js:87:13)
9 verbose stack     at EventEmitter.emit (events.js:172:7)
9 verbose stack     at ChildProcess.<anonymous> (/home/roonie/.linuxbrew/lib/node_modules/npm/lib/utils/spawn.js:14:12)
9 verbose stack     at emitTwo (events.js:87:13)
9 verbose stack     at ChildProcess.emit (events.js:172:7)
9 verbose stack     at maybeClose (internal/child_process.js:818:16)
9 verbose stack     at Process.ChildProcess._handle.onexit (internal/child_process.js:211:5)
10 verbose pkgid braintree-js@1.0.0
11 verbose cwd /home/roonie/workspace/braintree-js
12 error Linux 3.13.0-43-generic
13 error argv "/usr/local/bin/node" "/home/roonie/.linuxbrew/bin/npm" "run" "test"
14 error node v5.0.0
15 error npm  v2.7.6
16 error code ELIFECYCLE
17 error braintree-js@1.0.0 test: `NODE_PATH=./ mocha test.js`
17 error Exit status 1
18 error Failed at the braintree-js@1.0.0 test script 'NODE_PATH=./ mocha test.js'.
18 error This is most likely a problem with the braintree-js package,
18 error not with npm itself.
18 error Tell the author that this fails on your system:
18 error     NODE_PATH=./ mocha test.js
18 error You can get their info via:
18 error     npm owner ls braintree-js
18 error There is likely additional logging output above.
19 verbose exit [ 1, true ]
